<?xml version="1.0" encoding="UTF-8"?>
<coverage generated="1703214149963" clover="3.2.0">
  <project timestamp="1703214149963" name="All files">
    <metrics statements="4" coveredstatements="4" conditionals="0" coveredconditionals="0" methods="4" coveredmethods="2" elements="8" coveredelements="6" complexity="0" loc="4" ncloc="4" packages="1" files="1" classes="1"/>
    <file name="calculator.js" path="/Users/hayeong/Desktop/EPICODUS/Independent Projects/Project5-Galactic Age Calculator/src/js/calculator.js">
      <metrics statements="4" coveredstatements="4" conditionals="0" coveredconditionals="0" methods="4" coveredmethods="2"/>
      <line num="3" count="1" type="stmt"/>
      <line num="4" count="1" type="stmt"/>
      <line num="12" count="1" type="stmt"/>
      <line num="13" count="1" type="stmt"/>
    </file>
  </project>
</coverage>
