<?xml version="1.0" encoding="UTF-8"?>
<coverage generated="1703213718879" clover="3.2.0">
  <project timestamp="1703213718879" name="All files">
    <metrics statements="2" coveredstatements="2" conditionals="0" coveredconditionals="0" methods="4" coveredmethods="2" elements="6" coveredelements="4" complexity="0" loc="2" ncloc="2" packages="1" files="1" classes="1"/>
    <file name="calculator.js" path="/Users/hayeong/Desktop/EPICODUS/Independent Projects/Project5-Galactic Age Calculator/src/js/calculator.js">
      <metrics statements="2" coveredstatements="2" conditionals="0" coveredconditionals="0" methods="4" coveredmethods="2"/>
      <line num="3" count="1" type="stmt"/>
      <line num="4" count="1" type="stmt"/>
    </file>
  </project>
</coverage>
