{"/Users/hayeong/Desktop/EPICODUS/Independent Projects/Project5-Galactic Age Calculator/src/js/calculator.js": {"path":"/Users/hayeong/Desktop/EPICODUS/Independent Projects/Project5-Galactic Age Calculator/src/js/calculator.js","statementMap":{"0":{"start":{"line":3,"column":8},"end":{"line":3,"column":33}},"1":{"start":{"line":4,"column":8},"end":{"line":9,"column":9}},"2":{"start":{"line":12,"column":23},"end":{"line":12,"column":66}},"3":{"start":{"line":13,"column":8},"end":{"line":13,"column":46}},"4":{"start":{"line":16,"column":30},"end":{"line":16,"column":53}},"5":{"start":{"line":17,"column":23},"end":{"line":17,"column":32}},"6":{"start":{"line":18,"column":8},"end":{"line":22,"column":9}},"7":{"start":{"line":19,"column":33},"end":{"line":19,"column":76}},"8":{"start":{"line":20,"column":28},"end":{"line":20,"column":64}},"9":{"start":{"line":21,"column":12},"end":{"line":21,"column":40}},"10":{"start":{"line":23,"column":8},"end":{"line":23,"column":42}}},"fnMap":{"0":{"name":"(anonymous_0)","decl":{"start":{"line":2,"column":4},"end":{"line":2,"column":5}},"loc":{"start":{"line":2,"column":26},"end":{"line":10,"column":5}},"line":2},"1":{"name":"(anonymous_1)","decl":{"start":{"line":11,"column":4},"end":{"line":11,"column":5}},"loc":{"start":{"line":11,"column":22},"end":{"line":14,"column":5}},"line":11},"2":{"name":"(anonymous_2)","decl":{"start":{"line":15,"column":4},"end":{"line":15,"column":5}},"loc":{"start":{"line":15,"column":28},"end":{"line":24,"column":5}},"line":15},"3":{"name":"(anonymous_3)","decl":{"start":{"line":25,"column":4},"end":{"line":25,"column":5}},"loc":{"start":{"line":25,"column":32},"end":{"line":27,"column":5}},"line":25}},"branchMap":{},"s":{"0":2,"1":2,"2":4,"3":4,"4":1,"5":1,"6":1,"7":4,"8":4,"9":4,"10":1},"f":{"0":2,"1":4,"2":1,"3":0},"b":{},"_coverageSchema":"43e27e138ebf9cfc5966b082cf9a028302ed4184","hash":"e97e6830381a42f9884fc218256e5f355ad6596c"}
}
