TN:
SF:/Users/hayeong/Desktop/EPICODUS/Independent Projects/Project5-Galactic Age Calculator/src/js/calculator.js
FN:2,(anonymous_0)
FN:13,(anonymous_1)
FN:17,(anonymous_2)
FN:26,(anonymous_3)
FN:30,(anonymous_4)
FNF:5
FNH:5
FNDA:4,(anonymous_0)
FNDA:4,(anonymous_1)
FNDA:2,(anonymous_2)
FNDA:1,(anonymous_3)
FNDA:1,(anonymous_4)
DA:3,4
DA:4,4
DA:5,4
DA:6,4
DA:14,4
DA:15,4
DA:18,2
DA:19,2
DA:20,8
DA:21,8
DA:22,8
DA:24,2
DA:27,1
DA:28,1
DA:31,1
DA:32,1
DA:33,1
DA:34,4
DA:35,4
DA:36,4
DA:38,1
LF:21
LH:21
BRF:0
BRH:0
end_of_record
